<?xml version="1.0" encoding="UTF-8"?>
<!-- Generated by org.testng.reporters.JUnitReportReporter -->
<testsuite hostname="LAPTOP-TEN9HRQ0" failures="0" tests="1" name="com.iomovo.dashboardtests.IoCloudCenterPanelTest" time="81.449" errors="0" timestamp="2025-03-07T00:37:48 IST" skipped="0">
  <testcase classname="com.iomovo.dashboardtests.IoCloudCenterPanelTest" name="verifyUserAbleToAddFolderFromIOCloudMyFilesFunctionalityTest" time="81.449"/>
  <system-out/>
</testsuite> <!-- com.iomovo.dashboardtests.IoCloudCenterPanelTest -->
