<?xml version="1.0" encoding="UTF-8"?>
<!-- Generated by org.testng.reporters.JUnitReportReporter -->
<testsuite hostname="LAPTOP-TEN9HRQ0" failures="0" tests="1" name="com.iomovo.dashboardtests.LoginPageTest" time="15.815" errors="0" timestamp="2025-03-08T01:45:32 IST" skipped="0">
  <testcase classname="com.iomovo.dashboardtests.LoginPageTest" name="verifyAllElementsArePresentInLoginPageTest" time="15.815"/>
  <system-out/>
</testsuite> <!-- com.iomovo.dashboardtests.LoginPageTest -->
