<?xml version="1.0" encoding="UTF-8"?>
<!-- Generated by org.testng.reporters.JUnitReportReporter -->
<testsuite hostname="LAPTOP-TEN9HRQ0" failures="0" tests="1" name="com.iomovo.dashboardtests.HomePageLeftPanelTest" time="59.298" errors="0" timestamp="2025-03-07T01:56:18 IST" skipped="0">
  <testcase classname="com.iomovo.dashboardtests.HomePageLeftPanelTest" name="verifyUserIsRedirectedToMyFileFromLeftPanelTest" time="59.298"/>
  <system-out/>
</testsuite> <!-- com.iomovo.dashboardtests.HomePageLeftPanelTest -->
