<?xml version="1.0" encoding="UTF-8"?>
<!-- Generated by org.testng.reporters.JUnitReportReporter -->
<testsuite hostname="LAPTOP-TEN9HRQ0" failures="0" tests="1" name="com.iomovo.pagepackagetests.LoginPageTest" time="59.031" errors="0" timestamp="2025-03-06T03:56:14 IST" skipped="0">
  <testcase classname="com.iomovo.pagepackagetests.LoginPageTest" name="Login" time="59.031"/>
  <system-out/>
</testsuite> <!-- com.iomovo.pagepackagetests.LoginPageTest -->
