<?xml version="1.0" encoding="UTF-8"?>
<!-- Generated by org.testng.reporters.JUnitReportReporter -->
<testsuite hostname="LAPTOP-TEN9HRQ0" failures="0" tests="1" name="com.iomovo.dashboardtests.LoginPageTest" time="19.143" errors="0" timestamp="2025-03-07T00:29:10 IST" skipped="0">
  <testcase classname="com.iomovo.dashboardtests.LoginPageTest" name="verifyAllElementsArePresentInLoginPageTest" time="19.143"/>
  <system-out/>
</testsuite> <!-- com.iomovo.dashboardtests.LoginPageTest -->
