<?xml version="1.0" encoding="UTF-8"?>
<!-- Generated by org.testng.reporters.JUnitReportReporter -->
<testsuite hostname="LAPTOP-TEN9HRQ0" failures="0" tests="1" name="com.iomovo.dashboardtests.HomePageRightPanelTest" time="59.078" errors="0" timestamp="2025-03-07T01:45:58 IST" skipped="0">
  <testcase classname="com.iomovo.dashboardtests.HomePageRightPanelTest" name="verifyUserAbleToRedirectToMyFilesFromTheRightPanelIoCloudTest" time="59.078"/>
  <system-out/>
</testsuite> <!-- com.iomovo.dashboardtests.HomePageRightPanelTest -->
