<?xml version="1.0" encoding="UTF-8"?>
<!-- Generated by org.testng.reporters.JUnitReportReporter -->
<testsuite hostname="LAPTOP-TEN9HRQ0" failures="0" tests="1" name="com.iomovo.dashboardtests.ProfilePageTest" time="18.730" errors="0" timestamp="2025-03-06T04:34:35 IST" skipped="0">
  <testcase classname="com.iomovo.dashboardtests.ProfilePageTest" name="verifyUserAbleToSignOutFromCurrentAccountTest" time="18.730"/>
  <system-out/>
</testsuite> <!-- com.iomovo.dashboardtests.ProfilePageTest -->
